<?xml version="1.0" encoding="UTF-8"?>
<robot generator="Robot 4.0.3 (Python 3.9.6 on win32)" generated="20210727 20:44:17.147" rpa="false" schemaversion="2">
<suite id="s1" name="Testscenario" source="C:\Users\siris\AppData\Local\Programs\Python\Python39\Tools\demo\Robotframework-flipkart\Testscenario.robot">
<test id="s1-t1" name="Open Flipkart with firefox">
<kw name="Open Browser" library="SeleniumLibrary">
<arg>${url}</arg>
<doc>Opens a new browser instance to the optional ``url``.</doc>
<msg timestamp="20210727 20:44:17.397" level="INFO">Opening browser 'firefox' to base url 'https://www.flipkart.com/'.</msg>
<msg timestamp="20210727 20:44:17.412" level="INFO">Firefox driver log is always forced to to: C:\Users\siris\AppData\Local\Programs\Python\Python39\Tools\demo\Robotframework-flipkart\geckodriver-147.log</msg>
<status status="PASS" starttime="20210727 20:44:17.397" endtime="20210727 20:44:35.151"/>
</kw>
<kw name="Maximize Browser Window" library="SeleniumLibrary">
<doc>Maximizes current browser window.</doc>
<status status="PASS" starttime="20210727 20:44:35.153" endtime="20210727 20:44:35.466"/>
</kw>
<kw name="Input Text" library="SeleniumLibrary">
<arg>css=html.fonts-loaded body.fk-modal-visible div._2Sn47c div._2hriZF._2rbIyg div._2QfC02 div._2MlkI1 div._3wFoIb.row div._36HLxm.col.col-3-5 div form div.IiD88i._351hSN input._2IX_2-.VJZDxU</arg>
<arg>text=9110219085</arg>
<doc>Types the given ``text`` into the text field identified by ``locator``.</doc>
<msg timestamp="20210727 20:44:35.490" level="INFO">Typing text '9110219085' into text field 'css=html.fonts-loaded body.fk-modal-visible div._2Sn47c div._2hriZF._2rbIyg div._2QfC02 div._2MlkI1 div._3wFoIb.row div._36HLxm.col.col-3-5 div form div.IiD88i._351hSN input._2IX_2-.VJZDxU'.</msg>
<status status="PASS" starttime="20210727 20:44:35.487" endtime="20210727 20:44:35.653"/>
</kw>
<kw name="Input Password" library="SeleniumLibrary">
<arg>css=html.fonts-loaded body.fk-modal-visible div._2Sn47c div._2hriZF._2rbIyg div._2QfC02 div._2MlkI1 div._3wFoIb.row div._36HLxm.col.col-3-5 div form div.IiD88i._351hSN input._2IX_2-._3mctLh.VJZDxU</arg>
<arg>password=sirisha05deshu</arg>
<doc>Types the given password into the text field identified by ``locator``.</doc>
<msg timestamp="20210727 20:44:35.654" level="INFO">Typing password into text field 'css=html.fonts-loaded body.fk-modal-visible div._2Sn47c div._2hriZF._2rbIyg div._2QfC02 div._2MlkI1 div._3wFoIb.row div._36HLxm.col.col-3-5 div form div.IiD88i._351hSN input._2IX_2-._3mctLh.VJZDxU'.</msg>
<msg timestamp="20210727 20:44:35.679" level="INFO">Temporally setting log level to: NONE</msg>
<msg timestamp="20210727 20:44:35.777" level="INFO">Log level changed from NONE to INFO.</msg>
<status status="PASS" starttime="20210727 20:44:35.654" endtime="20210727 20:44:35.777"/>
</kw>
<kw name="Click Button" library="SeleniumLibrary">
<arg>css=html.fonts-loaded body.fk-modal-visible div._2Sn47c div._2hriZF._2rbIyg div._2QfC02 div._2MlkI1 div._3wFoIb.row div._36HLxm.col.col-3-5 div form div._1D1L_j button._2KpZ6l._2HKlqd._3AWRsL</arg>
<doc>Clicks the button identified by ``locator``.</doc>
<msg timestamp="20210727 20:44:35.785" level="INFO">Clicking button 'css=html.fonts-loaded body.fk-modal-visible div._2Sn47c div._2hriZF._2rbIyg div._2QfC02 div._2MlkI1 div._3wFoIb.row div._36HLxm.col.col-3-5 div form div._1D1L_j button._2KpZ6l._2HKlqd._3AWRsL'.</msg>
<status status="PASS" starttime="20210727 20:44:35.784" endtime="20210727 20:44:36.096"/>
</kw>
<status status="PASS" starttime="20210727 20:44:17.387" endtime="20210727 20:44:36.096"/>
</test>
<test id="s1-t2" name="Go to Electronics">
<kw name="Input Text" library="SeleniumLibrary">
<arg>xpath=/html/body/div/div/div[1]/div[1]/div[2]/div[2]/form/div/div/input</arg>
<arg>text=Electronics</arg>
<doc>Types the given ``text`` into the text field identified by ``locator``.</doc>
<msg timestamp="20210727 20:44:36.102" level="INFO">Typing text 'Electronics' into text field 'xpath=/html/body/div/div/div[1]/div[1]/div[2]/div[2]/form/div/div/input'.</msg>
<status status="PASS" starttime="20210727 20:44:36.101" endtime="20210727 20:44:36.186"/>
</kw>
<kw name="Wait Until Element Is Visible" library="SeleniumLibrary">
<arg>xpath=/html/body/div[1]/div/div[1]/div[1]/div[2]/div[2]/form/div/button</arg>
<doc>Waits until the element ``locator`` is visible.</doc>
<status status="PASS" starttime="20210727 20:44:36.187" endtime="20210727 20:44:36.314"/>
</kw>
<kw name="Click Button" library="SeleniumLibrary">
<arg>xpath=/html/body/div[1]/div/div[1]/div[1]/div[2]/div[2]/form/div/button</arg>
<doc>Clicks the button identified by ``locator``.</doc>
<msg timestamp="20210727 20:44:36.318" level="INFO">Clicking button 'xpath=/html/body/div[1]/div/div[1]/div[1]/div[2]/div[2]/form/div/button'.</msg>
<status status="PASS" starttime="20210727 20:44:36.317" endtime="20210727 20:44:36.592"/>
</kw>
<kw name="Set Selenium Implicit Wait" library="SeleniumLibrary">
<arg>20s</arg>
<doc>Sets the implicit wait value used by Selenium.</doc>
<status status="PASS" starttime="20210727 20:44:36.596" endtime="20210727 20:44:36.600"/>
</kw>
<status status="PASS" starttime="20210727 20:44:36.100" endtime="20210727 20:44:36.602"/>
</test>
<test id="s1-t3" name="Select Accessory">
<kw name="Wait Until Page Contains Element" library="SeleniumLibrary">
<arg>xpath=/html/body/div/div/div[3]/div[1]/div[1]</arg>
<doc>Waits until the element ``locator`` appears on the current page.</doc>
<status status="PASS" starttime="20210727 20:44:36.623" endtime="20210727 20:44:36.651"/>
</kw>
<status status="PASS" starttime="20210727 20:44:36.622" endtime="20210727 20:44:36.652"/>
</test>
<test id="s1-t4" name="Click On Item">
<kw name="Wait Until Page Contains Element" library="SeleniumLibrary">
<arg>xpath=/html/body/div/div/div[3]/div[1]/div[2]/div[2]/div/div[1]/div/a[1]/div[1]/div/div</arg>
<doc>Waits until the element ``locator`` appears on the current page.</doc>
<status status="PASS" starttime="20210727 20:44:36.653" endtime="20210727 20:44:37.498"/>
</kw>
<kw name="Click Element" library="SeleniumLibrary">
<arg>xpath=/html/body/div/div/div[3]/div[1]/div[2]/div[2]/div/div[1]/div/a[1]/div[1]/div/div</arg>
<doc>Click the element identified by ``locator``.</doc>
<msg timestamp="20210727 20:44:37.499" level="INFO">Clicking element 'xpath=/html/body/div/div/div[3]/div[1]/div[2]/div[2]/div/div[1]/div/a[1]/div[1]/div/div'.</msg>
<status status="PASS" starttime="20210727 20:44:37.498" endtime="20210727 20:44:37.831"/>
</kw>
<status status="PASS" starttime="20210727 20:44:36.652" endtime="20210727 20:44:37.885"/>
</test>
<test id="s1-t5" name="Add Item To Cart">
<kw name="Click Button" library="SeleniumLibrary">
<arg>xpath=/html/body/div[1]/div/div[3]/div[1]/div[1]/div[2]/div/ul/li[1]/button</arg>
<doc>Clicks the button identified by ``locator``.</doc>
<msg timestamp="20210727 20:44:37.890" level="INFO">Clicking button 'xpath=/html/body/div[1]/div/div[3]/div[1]/div[1]/div[2]/div/ul/li[1]/button'.</msg>
<kw name="Capture Page Screenshot" library="SeleniumLibrary">
<doc>Takes a screenshot of the current page and embeds it into a log file.</doc>
<msg timestamp="20210727 20:45:19.824" level="INFO" html="true">&lt;/td&gt;&lt;/tr&gt;&lt;tr&gt;&lt;td colspan="3"&gt;&lt;a href="selenium-screenshot-154.png"&gt;&lt;img src="selenium-screenshot-154.png" width="800px"&gt;&lt;/a&gt;</msg>
<status status="PASS" starttime="20210727 20:45:19.507" endtime="20210727 20:45:19.824"/>
</kw>
<msg timestamp="20210727 20:45:19.833" level="FAIL">Button with locator 'xpath=/html/body/div[1]/div/div[3]/div[1]/div[1]/div[2]/div/ul/li[1]/button' not found.</msg>
<status status="FAIL" starttime="20210727 20:44:37.889" endtime="20210727 20:45:19.833"/>
</kw>
<status status="FAIL" starttime="20210727 20:44:37.889" endtime="20210727 20:45:19.833">Button with locator 'xpath=/html/body/div[1]/div/div[3]/div[1]/div[1]/div[2]/div/ul/li[1]/button' not found.</status>
</test>
<test id="s1-t6" name="Go To Cart">
<kw name="Click Element" library="SeleniumLibrary">
<arg>css=html.fonts-loaded body div#container div div._1kfTjk div._1rH5Jn div._2Xfa2_ div.go_DOp div._1psGvi div.YUhWwv a._3SkBxJ</arg>
<doc>Click the element identified by ``locator``.</doc>
<msg timestamp="20210727 20:45:19.845" level="INFO">Clicking element 'css=html.fonts-loaded body div#container div div._1kfTjk div._1rH5Jn div._2Xfa2_ div.go_DOp div._1psGvi div.YUhWwv a._3SkBxJ'.</msg>
<status status="PASS" starttime="20210727 20:45:19.833" endtime="20210727 20:45:20.111"/>
</kw>
<status status="PASS" starttime="20210727 20:45:19.833" endtime="20210727 20:45:20.111"/>
</test>
<status status="FAIL" starttime="20210727 20:44:17.147" endtime="20210727 20:45:20.122"/>
</suite>
<statistics>
<total>
<stat pass="5" fail="1" skip="0">All Tests</stat>
</total>
<tag>
</tag>
<suite>
<stat pass="5" fail="1" skip="0" id="s1" name="Testscenario">Testscenario</stat>
</suite>
</statistics>
<errors>
</errors>
</robot>
